[debug] [2025-04-22T12:59:54.007Z] ----------------------------------------------------------------------
[debug] [2025-04-22T12:59:54.010Z] Command:       C:\Program Files\nodejs\node.exe C:\Users\Arone\AppData\Roaming\npm\node_modules\firebase-tools\lib\bin\firebase.js init functions
[debug] [2025-04-22T12:59:54.010Z] CLI Version:   14.2.0
[debug] [2025-04-22T12:59:54.011Z] Platform:      win32
[debug] [2025-04-22T12:59:54.011Z] Node Version:  v21.7.3
[debug] [2025-04-22T12:59:54.011Z] Time:          Tue Apr 22 2025 20:59:54 GMT+0800 (China Standard Time)
[debug] [2025-04-22T12:59:54.011Z] ----------------------------------------------------------------------
[debug] 
[debug] [2025-04-22T12:59:54.021Z] > command requires scopes: ["email","openid","https://www.googleapis.com/auth/cloudplatformprojects.readonly","https://www.googleapis.com/auth/firebase","https://www.googleapis.com/auth/cloud-platform"]
[debug] [2025-04-22T12:59:54.021Z] > authorizing via signed-in user (arone@hurdman.net)
[info] 
     ######## #### ########  ######## ########     ###     ######  ########
     ##        ##  ##     ## ##       ##     ##  ##   ##  ##       ##
     ######    ##  ########  ######   ########  #########  ######  ######
     ##        ##  ##    ##  ##       ##     ## ##     ##       ## ##
     ##       #### ##     ## ######## ########  ##     ##  ######  ########

You're about to initialize a Firebase project in this directory:

  C:\Users\Arone\Company\Hunterbot

[info] 
=== Project Setup
[info] 
[info] First, let's associate this project directory with a Firebase project.
[info] You can create multiple project aliases by running firebase use --add, 
[info] but for now we'll just set up a default project.
[info] 
[debug] [2025-04-22T13:00:00.726Z] Checked if tokens are valid: true, expires at: 1745330377568
[debug] [2025-04-22T13:00:00.726Z] Checked if tokens are valid: true, expires at: 1745330377568
[debug] [2025-04-22T13:00:00.728Z] >>> [apiv2][query] GET https://firebase.googleapis.com/v1beta1/projects pageSize=100
[debug] [2025-04-22T13:00:02.589Z] <<< [apiv2][status] GET https://firebase.googleapis.com/v1beta1/projects 200
[debug] [2025-04-22T13:00:02.590Z] <<< [apiv2][body] GET https://firebase.googleapis.com/v1beta1/projects [omitted]
[info] i  Using project hunter-bot-51c1a (hunter-bot) 
[info] 
=== Functions Setup
[debug] [2025-04-22T13:00:04.754Z] > command requires scopes: ["email","openid","https://www.googleapis.com/auth/cloudplatformprojects.readonly","https://www.googleapis.com/auth/firebase","https://www.googleapis.com/auth/cloud-platform"]
[debug] [2025-04-22T13:00:04.755Z] > authorizing via signed-in user (arone@hurdman.net)
[debug] [2025-04-22T13:00:04.755Z] [iam] checking project hunter-bot-51c1a for permissions ["firebase.projects.get"]
[debug] [2025-04-22T13:00:04.755Z] Checked if tokens are valid: true, expires at: 1745330377568
[debug] [2025-04-22T13:00:04.755Z] Checked if tokens are valid: true, expires at: 1745330377568
[debug] [2025-04-22T13:00:04.755Z] >>> [apiv2][query] POST https://cloudresourcemanager.googleapis.com/v1/projects/hunter-bot-51c1a:testIamPermissions [none]
[debug] [2025-04-22T13:00:04.755Z] >>> [apiv2][(partial)header] POST https://cloudresourcemanager.googleapis.com/v1/projects/hunter-bot-51c1a:testIamPermissions x-goog-quota-user=projects/hunter-bot-51c1a
[debug] [2025-04-22T13:00:04.756Z] >>> [apiv2][body] POST https://cloudresourcemanager.googleapis.com/v1/projects/hunter-bot-51c1a:testIamPermissions {"permissions":["firebase.projects.get"]}
[debug] [2025-04-22T13:00:05.944Z] <<< [apiv2][status] POST https://cloudresourcemanager.googleapis.com/v1/projects/hunter-bot-51c1a:testIamPermissions 200
[debug] [2025-04-22T13:00:05.944Z] <<< [apiv2][body] POST https://cloudresourcemanager.googleapis.com/v1/projects/hunter-bot-51c1a:testIamPermissions {"permissions":["firebase.projects.get"]}
[debug] [2025-04-22T13:00:05.945Z] Checked if tokens are valid: true, expires at: 1745330377568
[debug] [2025-04-22T13:00:05.945Z] Checked if tokens are valid: true, expires at: 1745330377568
[debug] [2025-04-22T13:00:05.945Z] Checked if tokens are valid: true, expires at: 1745330377568
[debug] [2025-04-22T13:00:05.945Z] Checked if tokens are valid: true, expires at: 1745330377568
[debug] [2025-04-22T13:00:05.945Z] >>> [apiv2][query] GET https://serviceusage.googleapis.com/v1/projects/hunter-bot-51c1a/services/cloudfunctions.googleapis.com [none]
[debug] [2025-04-22T13:00:05.945Z] >>> [apiv2][(partial)header] GET https://serviceusage.googleapis.com/v1/projects/hunter-bot-51c1a/services/cloudfunctions.googleapis.com x-goog-quota-user=projects/hunter-bot-51c1a
[debug] [2025-04-22T13:00:05.946Z] >>> [apiv2][query] GET https://serviceusage.googleapis.com/v1/projects/hunter-bot-51c1a/services/runtimeconfig.googleapis.com [none]
[debug] [2025-04-22T13:00:05.946Z] >>> [apiv2][(partial)header] GET https://serviceusage.googleapis.com/v1/projects/hunter-bot-51c1a/services/runtimeconfig.googleapis.com x-goog-quota-user=projects/hunter-bot-51c1a
[debug] [2025-04-22T13:00:07.741Z] <<< [apiv2][status] GET https://serviceusage.googleapis.com/v1/projects/hunter-bot-51c1a/services/cloudfunctions.googleapis.com 200
[debug] [2025-04-22T13:00:07.741Z] <<< [apiv2][body] GET https://serviceusage.googleapis.com/v1/projects/hunter-bot-51c1a/services/cloudfunctions.googleapis.com [omitted]
[debug] [2025-04-22T13:00:07.741Z] Checked if tokens are valid: true, expires at: 1745330377568
[debug] [2025-04-22T13:00:07.741Z] Checked if tokens are valid: true, expires at: 1745330377568
[debug] [2025-04-22T13:00:07.741Z] >>> [apiv2][query] POST https://serviceusage.googleapis.com/v1/projects/hunter-bot-51c1a/services/cloudfunctions.googleapis.com:enable [none]
[debug] [2025-04-22T13:00:07.741Z] >>> [apiv2][(partial)header] POST https://serviceusage.googleapis.com/v1/projects/hunter-bot-51c1a/services/cloudfunctions.googleapis.com:enable x-goog-quota-user=projects/hunter-bot-51c1a
[debug] [2025-04-22T13:00:07.846Z] <<< [apiv2][status] GET https://serviceusage.googleapis.com/v1/projects/hunter-bot-51c1a/services/runtimeconfig.googleapis.com 200
[debug] [2025-04-22T13:00:07.846Z] <<< [apiv2][body] GET https://serviceusage.googleapis.com/v1/projects/hunter-bot-51c1a/services/runtimeconfig.googleapis.com [omitted]
[debug] [2025-04-22T13:00:08.257Z] <<< [apiv2][status] POST https://serviceusage.googleapis.com/v1/projects/hunter-bot-51c1a/services/cloudfunctions.googleapis.com:enable 200
[debug] [2025-04-22T13:00:08.257Z] <<< [apiv2][body] POST https://serviceusage.googleapis.com/v1/projects/hunter-bot-51c1a/services/cloudfunctions.googleapis.com:enable [omitted]
[debug] [2025-04-22T13:00:18.261Z] Checked if tokens are valid: true, expires at: 1745330377568
[debug] [2025-04-22T13:00:18.261Z] Checked if tokens are valid: true, expires at: 1745330377568
[debug] [2025-04-22T13:00:18.262Z] >>> [apiv2][query] GET https://serviceusage.googleapis.com/v1/projects/hunter-bot-51c1a/services/cloudfunctions.googleapis.com [none]
[debug] [2025-04-22T13:00:18.262Z] >>> [apiv2][(partial)header] GET https://serviceusage.googleapis.com/v1/projects/hunter-bot-51c1a/services/cloudfunctions.googleapis.com x-goog-quota-user=projects/hunter-bot-51c1a
[debug] [2025-04-22T13:00:19.829Z] <<< [apiv2][status] GET https://serviceusage.googleapis.com/v1/projects/hunter-bot-51c1a/services/cloudfunctions.googleapis.com 200
[debug] [2025-04-22T13:00:19.830Z] <<< [apiv2][body] GET https://serviceusage.googleapis.com/v1/projects/hunter-bot-51c1a/services/cloudfunctions.googleapis.com [omitted]
[info] Let's create a new codebase for your functions.
[info] A directory corresponding to the codebase will be created in your project
[info] with sample code pre-configured.

[info] See https://firebase.google.com/docs/functions/organize-functions for
[info] more information on organizing your functions using codebases.

[info] Functions can be deployed with firebase deploy.

